<?xml version="1.0" encoding="utf-8"?><testsuites name="pytest tests"><testsuite name="pytest" errors="0" failures="0" skipped="0" tests="7" time="7.980" timestamp="2026-08-28T13:28:04.121299+00:00" hostname="agent-env-24c4d019-65a6-448d-a4ee-d1a1e0c43452"><testcase classname="tests.test_coedit" name="test_editor_scene_put_broadcasts_to_peer" time="1.429" /><testcase classname="tests.test_coedit" name="test_scene_persists_after_put" time="0.722" /><testcase classname="tests.test_coedit" name="test_viewer_cannot_put_scene" time="0.475" /><testcase classname="tests.test_coedit" name="test_pointer_relayed_to_peer_only" time="2.556" /><testcase classname="tests.test_coedit" name="test_presence_leave_relayed" time="0.995" /><testcase classname="tests.test_coedit" name="test_anonymous_viewer_ws_receives_updates" time="0.998" /><testcase classname="tests.test_coedit" name="test_anonymous_writes_denied_via_rest" time="0.743" /></testsuite></testsuites>