<?xml version="1.0" encoding="utf-8"?><testsuites name="pytest tests"><testsuite name="pytest" errors="0" failures="0" skipped="0" tests="16" time="1.316" timestamp="2026-08-24T11:10:57.718806+00:00" hostname="agent-env-24c4d019-65a6-448d-a4ee-d1a1e0c43452"><testcase classname="tests.test_gateway" name="test_me_no_creds" time="0.004" /><testcase classname="tests.test_gateway" name="test_me_with_bearer" time="0.003" /><testcase classname="tests.test_gateway" name="test_session_bogus_fast_401" time="0.031" /><testcase classname="tests.test_gateway" name="test_project_get" time="0.007" /><testcase classname="tests.test_gateway" name="test_project_list_contains" time="0.003" /><testcase classname="tests.test_gateway" name="test_project_patch_rename" time="0.010" /><testcase classname="tests.test_gateway" name="test_isolation_user_b_cannot_see" time="0.010" /><testcase classname="tests.test_gateway" name="test_scene_put_then_get" time="0.012" /><testcase classname="tests.test_gateway" name="test_simulate_increases_count" time="0.517" /><testcase classname="tests.test_gateway" name="test_mcp_proxy_invalid_token" time="0.002" /><testcase classname="tests.test_gateway" name="test_mcp_proxy_get_elements" time="0.003" /><testcase classname="tests.test_gateway" name="test_mcp_proxy_canvasid_forced" time="0.611" /><testcase classname="tests.test_gateway" name="test_engine_direct_no_secret_401" time="0.001" /><testcase classname="tests.test_gateway" name="test_engine_direct_with_secret_200" time="0.002" /><testcase classname="tests.test_gateway" name="test_engine_health_open" time="0.002" /><testcase classname="tests.test_gateway" name="test_delete_project_verified" time="0.016" /></testsuite></testsuites>