<?xml version="1.0" encoding="utf-8"?><testsuites name="pytest tests"><testsuite name="pytest" errors="0" failures="0" skipped="0" tests="10" time="0.322" timestamp="2026-08-25T11:51:03.311749+00:00" hostname="agent-env-24c4d019-65a6-448d-a4ee-d1a1e0c43452"><testcase classname="tests.test_user_mcp_deleted_canvas" name="test_happy_path_create_and_draw" time="0.040" /><testcase classname="tests.test_user_mcp_deleted_canvas" name="test_element_op_on_deleted_canvas_404" time="0.010" /><testcase classname="tests.test_user_mcp_deleted_canvas" name="test_elements_get_on_deleted_canvas_404" time="0.003" /><testcase classname="tests.test_user_mcp_deleted_canvas" name="test_scene_get_on_deleted_canvas_404" time="0.002" /><testcase classname="tests.test_user_mcp_deleted_canvas" name="test_batch_create_on_deleted_canvas_404" time="0.003" /><testcase classname="tests.test_user_mcp_deleted_canvas" name="test_ownership_exists_but_not_owned_403" time="0.014" /><testcase classname="tests.test_user_mcp_deleted_canvas" name="test_no_canvas_id_400" time="0.003" /><testcase classname="tests.test_user_mcp_deleted_canvas" name="test_canvas_id_default_400" time="0.004" /><testcase classname="tests.test_user_mcp_deleted_canvas" name="test_invalid_mcp_token_401" time="0.002" /><testcase classname="tests.test_user_mcp_deleted_canvas" name="test_server_responsive_after_delete" time="0.037" /></testsuite></testsuites>