<?xml version="1.0" encoding="utf-8"?><testsuites name="pytest tests"><testsuite name="pytest" errors="0" failures="0" skipped="0" tests="16" time="9.804" timestamp="2026-08-28T13:21:55.192206+00:00" hostname="agent-env-24c4d019-65a6-448d-a4ee-d1a1e0c43452"><testcase classname="tests.test_sharing" name="test_share_get_owner" time="0.969" /><testcase classname="tests.test_sharing" name="test_share_get_non_owner_forbidden" time="0.565" /><testcase classname="tests.test_sharing" name="test_share_put_non_owner_forbidden" time="0.502" /><testcase classname="tests.test_sharing" name="test_invite_change_remove_member" time="0.730" /><testcase classname="tests.test_sharing" name="test_invite_self_rejected" time="0.395" /><testcase classname="tests.test_sharing" name="test_invite_bad_email_rejected" time="0.428" /><testcase classname="tests.test_sharing" name="test_shared_with_me_appears_for_invitee" time="0.568" /><testcase classname="tests.test_sharing" name="test_scene_put_viewer_forbidden" time="0.545" /><testcase classname="tests.test_sharing" name="test_scene_put_editor_allowed" time="0.622" /><testcase classname="tests.test_sharing" name="test_scene_get_viewer_allowed" time="0.585" /><testcase classname="tests.test_sharing" name="test_link_access_none_denies_anonymous" time="0.423" /><testcase classname="tests.test_sharing" name="test_link_access_viewer_allows_anonymous_read" time="0.852" /><testcase classname="tests.test_sharing" name="test_link_access_bad_token_denied" time="0.586" /><testcase classname="tests.test_sharing" name="test_rotate_link_invalidates_old" time="0.816" /><testcase classname="tests.test_sharing" name="test_workspace_access_public_domain_rejected" time="0.469" /><testcase classname="tests.test_sharing" name="test_workspace_access_teammate_sees_canvas" time="0.569" /></testsuite></testsuites>